<?xml version="1.0" encoding="UTF-8"?>
<!-- Generated by org.testng.reporters.JUnitXMLReporter -->
<testsuite hostname="DESKTOP-HEU2PQT" ignored="0" name="Free CRM App Test Cases" tests="4" failures="0" timestamp="26 May 2019 10:08:30 GMT" time="65.8" errors="0">
  <testcase name="basicInfoPageTest" time="7.379" classname="gw.qa.guidewiretest.LossDetailsTest"/>
  <testcase name="basicInfoPageTest" time="7.365" classname="gw.qa.guidewiretest.LossDetailsTest"/>
  <testcase name="basicInfoPageTest" time="7.253" classname="gw.qa.guidewiretest.LossDetailsTest"/>
  <testcase name="basicInfoPageTest" time="7.224" classname="gw.qa.guidewiretest.LossDetailsTest"/>
</testsuite> <!-- Free CRM App Test Cases -->
