<?xml version="1.0" encoding="UTF-8"?>
<!-- Generated by org.testng.reporters.JUnitXMLReporter -->
<testsuite hostname="DESKTOP-HEU2PQT" ignored="0" name="Guidewire cc Regression suite" tests="4" failures="0" timestamp="26 May 2019 12:11:24 GMT" time="60.148" errors="0">
  <testcase name="claimTest" time="7.41" classname="gw.qa.guidewiretest.LossDetailsTest"/>
  <testcase name="claimTest" time="7.923" classname="gw.qa.guidewiretest.LossDetailsTest"/>
  <testcase name="claimTest" time="7.574" classname="gw.qa.guidewiretest.LossDetailsTest"/>
  <testcase name="claimTest" time="7.522" classname="gw.qa.guidewiretest.LossDetailsTest"/>
</testsuite> <!-- Guidewire cc Regression suite -->
