<?xml version="1.0" encoding="UTF-8"?>
<testng-results skipped="0" failed="0" ignored="0" total="4" passed="4">
  <reporter-output>
  </reporter-output>
  <suite name="Guidewire application suite" duration-ms="60148" started-at="2019-05-26T12:10:23Z" finished-at="2019-05-26T12:11:24Z">
    <groups>
    </groups>
    <test name="Guidewire cc Regression suite" duration-ms="60148" started-at="2019-05-26T12:10:23Z" finished-at="2019-05-26T12:11:24Z">
      <class name="gw.qa.guidewiretest.LossDetailsTest">
        <test-method status="PASS" signature="setUp()[pri:0, instance:gw.qa.guidewiretest.LossDetailsTest@31ef45e3]" name="setUp" is-config="true" duration-ms="26556" started-at="2019-05-26T12:10:23Z" finished-at="2019-05-26T12:10:50Z">
          <reporter-output>
          </reporter-output>
        </test-method> <!-- setUp -->
        <test-method status="PASS" signature="claimTest(java.lang.String, java.lang.String)[pri:0, instance:gw.qa.guidewiretest.LossDetailsTest@31ef45e3]" name="claimTest" duration-ms="7410" started-at="2019-05-26T12:10:51Z" data-provider="getWitnessData" finished-at="2019-05-26T12:10:58Z">
          <params>
            <param index="0">
              <value>
                <![CDATA[test1]]>
              </value>
            </param>
            <param index="1">
              <value>
                <![CDATA[test1]]>
              </value>
            </param>
          </params>
          <reporter-output>
          </reporter-output>
        </test-method> <!-- claimTest -->
        <test-method status="PASS" signature="claimTest(java.lang.String, java.lang.String)[pri:0, instance:gw.qa.guidewiretest.LossDetailsTest@31ef45e3]" name="claimTest" duration-ms="7923" started-at="2019-05-26T12:10:59Z" data-provider="getWitnessData" finished-at="2019-05-26T12:11:07Z">
          <params>
            <param index="0">
              <value>
                <![CDATA[test2]]>
              </value>
            </param>
            <param index="1">
              <value>
                <![CDATA[test2]]>
              </value>
            </param>
          </params>
          <reporter-output>
          </reporter-output>
        </test-method> <!-- claimTest -->
        <test-method status="PASS" signature="claimTest(java.lang.String, java.lang.String)[pri:0, instance:gw.qa.guidewiretest.LossDetailsTest@31ef45e3]" name="claimTest" duration-ms="7574" started-at="2019-05-26T12:11:07Z" data-provider="getWitnessData" finished-at="2019-05-26T12:11:15Z">
          <params>
            <param index="0">
              <value>
                <![CDATA[test3]]>
              </value>
            </param>
            <param index="1">
              <value>
                <![CDATA[test3]]>
              </value>
            </param>
          </params>
          <reporter-output>
          </reporter-output>
        </test-method> <!-- claimTest -->
        <test-method status="PASS" signature="claimTest(java.lang.String, java.lang.String)[pri:0, instance:gw.qa.guidewiretest.LossDetailsTest@31ef45e3]" name="claimTest" duration-ms="7522" started-at="2019-05-26T12:11:15Z" data-provider="getWitnessData" finished-at="2019-05-26T12:11:23Z">
          <params>
            <param index="0">
              <value>
                <![CDATA[spider]]>
              </value>
            </param>
            <param index="1">
              <value>
                <![CDATA[hitman]]>
              </value>
            </param>
          </params>
          <reporter-output>
          </reporter-output>
        </test-method> <!-- claimTest -->
        <test-method status="PASS" signature="quit()[pri:0, instance:gw.qa.guidewiretest.LossDetailsTest@31ef45e3]" name="quit" is-config="true" duration-ms="1" started-at="2019-05-26T12:11:24Z" finished-at="2019-05-26T12:11:24Z">
          <reporter-output>
          </reporter-output>
        </test-method> <!-- quit -->
      </class> <!-- gw.qa.guidewiretest.LossDetailsTest -->
    </test> <!-- Guidewire cc Regression suite -->
  </suite> <!-- Guidewire application suite -->
</testng-results>
